D:\文档\工程\VC\CELLULARAUTOMATON\CELLULARAUTOMATON\X64\DEBUG\CELLULARAUTOMATON.CPP.NATIVECODEANALYSIS.XML
D:\文档\工程\VC\CELLULARAUTOMATON\CELLULARAUTOMATON\X64\DEBUG\CELLULARAUTOMATON.OBJ
D:\文档\工程\VC\CELLULARAUTOMATON\CELLULARAUTOMATON\X64\DEBUG\VC110.PDB
D:\文档\工程\VC\CELLULARAUTOMATON\CELLULARAUTOMATON\X64\DEBUG\MOC_CELLULARAUTOMATON.CPP.NATIVECODEANALYSIS.XML
D:\文档\工程\VC\CELLULARAUTOMATON\CELLULARAUTOMATON\X64\DEBUG\MOC_CELLULARAUTOMATON.OBJ
D:\文档\工程\VC\CELLULARAUTOMATON\CELLULARAUTOMATON\X64\DEBUG\QRC_CELLULARAUTOMATON.CPP.NATIVECODEANALYSIS.XML
D:\文档\工程\VC\CELLULARAUTOMATON\CELLULARAUTOMATON\X64\DEBUG\QRC_CELLULARAUTOMATON.OBJ
D:\文档\工程\VC\CELLULARAUTOMATON\CELLULARAUTOMATON\X64\DEBUG\MAIN.CPP.NATIVECODEANALYSIS.XML
D:\文档\工程\VC\CELLULARAUTOMATON\CELLULARAUTOMATON\X64\DEBUG\MAIN.OBJ
D:\文档\工程\VC\CELLULARAUTOMATON\CELLULARAUTOMATON\GENERATEDFILES\DEBUG\MOC_CELLULARAUTOMATON.CPP
D:\文档\工程\VC\CELLULARAUTOMATON\CELLULARAUTOMATON\GENERATEDFILES\UI_CELLULARAUTOMATON.H
D:\文档\工程\VC\CELLULARAUTOMATON\CELLULARAUTOMATON\GENERATEDFILES\QRC_CELLULARAUTOMATON.CPP
D:\文档\工程\VC\cellularAutomaton\cellularAutomaton\x64\Debug\cellularAutomaton.obj
D:\文档\工程\VC\cellularAutomaton\cellularAutomaton\x64\Debug\main.obj
D:\文档\工程\VC\cellularAutomaton\cellularAutomaton\x64\Debug\moc_cellularAutomaton.obj
D:\文档\工程\VC\cellularAutomaton\cellularAutomaton\x64\Debug\qrc_cellularAutomaton.obj
D:\文档\工程\VC\cellularAutomaton\cellularAutomaton\x64\Debug\cl.command.1.tlog
D:\文档\工程\VC\cellularAutomaton\cellularAutomaton\x64\Debug\CL.read.1.tlog
D:\文档\工程\VC\cellularAutomaton\cellularAutomaton\x64\Debug\CL.write.1.tlog
D:\文档\工程\VC\cellularAutomaton\cellularAutomaton\x64\Debug\custombuild.command.1.tlog
D:\文档\工程\VC\cellularAutomaton\cellularAutomaton\x64\Debug\custombuild.read.1.tlog
D:\文档\工程\VC\cellularAutomaton\cellularAutomaton\x64\Debug\custombuild.write.1.tlog
D:\文档\工程\VC\cellularAutomaton\cellularAutomaton\x64\Debug\link-cvtres.read.1.tlog
D:\文档\工程\VC\cellularAutomaton\cellularAutomaton\x64\Debug\link-cvtres.write.1.tlog
D:\文档\工程\VC\cellularAutomaton\cellularAutomaton\x64\Debug\link-rc.read.1.tlog
D:\文档\工程\VC\cellularAutomaton\cellularAutomaton\x64\Debug\link-rc.write.1.tlog
D:\文档\工程\VC\cellularAutomaton\cellularAutomaton\x64\Debug\link.command.1.tlog
D:\文档\工程\VC\cellularAutomaton\cellularAutomaton\x64\Debug\link.read.1.tlog
D:\文档\工程\VC\cellularAutomaton\cellularAutomaton\x64\Debug\link.write.1.tlog
D:\文档\工程\VC\cellularAutomaton\cellularAutomaton\x64\Debug\vc110.pdb
D:\文档\工程\VC\cellularAutomaton\cellularAutomaton\x64\Debug\cellularAutomaton.cpp.nativecodeanalysis.xml
D:\文档\工程\VC\cellularAutomaton\cellularAutomaton\x64\Debug\main.cpp.nativecodeanalysis.xml
D:\文档\工程\VC\cellularAutomaton\cellularAutomaton\x64\Debug\moc_cellularAutomaton.cpp.nativecodeanalysis.xml
D:\文档\工程\VC\cellularAutomaton\cellularAutomaton\x64\Debug\qrc_cellularAutomaton.cpp.nativecodeanalysis.xml
