生成启动时间为 2014/6/13 2:30:41。
     1>项目“D:\文档\工程\VC\cellularAutomaton\cellularAutomaton\cellularAutomaton.vcxproj”在节点 2 上(Build 个目标)。
     1>ClCompile:
         D:\Microsoft Visual Studio 11.0\VC\bin\x86_amd64\CL.exe /c /I.\GeneratedFiles /I. /IC:\Qt\Qt5.1.0\5.1.0\msvc2012_64_opengl\include /I.\GeneratedFiles\Debug /IC:\Qt\Qt5.1.0\5.1.0\msvc2012_64_opengl\include\QtCore /IC:\Qt\Qt5.1.0\5.1.0\msvc2012_64_opengl\include\QtGui /IC:\Qt\Qt5.1.0\5.1.0\msvc2012_64_opengl\include\QtWidgets /Zi /nologo /W1 /WX- /Od /D UNICODE /D WIN32 /D WIN64 /D QT_DLL /D QT_CORE_LIB /D QT_GUI_LIB /D QT_WIDGETS_LIB /Gm- /EHsc /MDd /GS /fp:precise /Zc:wchar_t- /Zc:forScope /Fo"x64\Debug\\" /Fd"x64\Debug\vc110.pdb" /FR"x64\Debug\\" /Gd /TP /errorReport:prompt GeneratedFiles\Debug\moc_cellularAutomaton.cpp cellularAutomaton.cpp evolve.cpp main.cpp neighborhood.cpp
         moc_cellularAutomaton.cpp
         cellularAutomaton.cpp
         evolve.cpp
         main.cpp
         neighborhood.cpp
         正在生成代码...
       Link:
         D:\Microsoft Visual Studio 11.0\VC\bin\x86_amd64\link.exe /ERRORREPORT:PROMPT /OUT:"D:\文档\工程\VC\cellularAutomaton\x64\Debug\\cellularAutomaton.exe" /NOLOGO /LIBPATH:C:\Qt\Qt5.1.0\5.1.0\msvc2012_64_opengl\lib C:\Qt\Qt5.1.0\5.1.0\msvc2012_64_opengl\lib\qtmaind.lib C:\Qt\Qt5.1.0\5.1.0\msvc2012_64_opengl\lib\Qt5Cored.lib C:\Qt\Qt5.1.0\5.1.0\msvc2012_64_opengl\lib\Qt5Guid.lib C:\Qt\Qt5.1.0\5.1.0\msvc2012_64_opengl\lib\Qt5Widgetsd.lib kernel32.lib user32.lib gdi32.lib winspool.lib comdlg32.lib advapi32.lib shell32.lib ole32.lib oleaut32.lib uuid.lib odbc32.lib odbccp32.lib /MANIFEST /MANIFESTUAC:"level='asInvoker' uiAccess='false'" /manifest:embed /DEBUG /PDB:"D:\文档\工程\VC\cellularAutomaton\x64\Debug\cellularAutomaton.pdb" /SUBSYSTEM:WINDOWS /TLBID:1 /DYNAMICBASE /NXCOMPAT /IMPLIB:"D:\文档\工程\VC\cellularAutomaton\x64\Debug\cellularAutomaton.lib" /MACHINE:X64 x64\Debug\cellularAutomaton.obj
         x64\Debug\evolve.obj
         x64\Debug\moc_cellularAutomaton.obj
         x64\Debug\qrc_cellularAutomaton.obj
         x64\Debug\main.obj
         x64\Debug\neighborhood.obj
         cellularAutomaton.vcxproj -> D:\文档\工程\VC\cellularAutomaton\x64\Debug\cellularAutomaton.exe
       BscMake:
         D:\Microsoft Visual Studio 11.0\VC\bin\bscmake.exe /nologo /o"D:\文档\工程\VC\cellularAutomaton\x64\Debug\cellularAutomaton.bsc" /n x64\Debug\cellularAutomaton.sbr x64\Debug\evolve.sbr x64\Debug\moc_cellularAutomaton.sbr x64\Debug\qrc_cellularAutomaton.sbr x64\Debug\main.sbr x64\Debug\neighborhood.sbr
     1>已完成生成项目“D:\文档\工程\VC\cellularAutomaton\cellularAutomaton\cellularAutomaton.vcxproj”(Build 个目标)的操作。

生成成功。

已用时间 00:00:11.21
